----------

Thu May 11 2023 18:17:20 GMT-0400 (Eastern Daylight Time)

warning: LF will be replaced by CRLF in assets/bootstrap/css/bootstrap.min.css.
The file will have its original line endings in your working directory


----------

Thu May 11 2023 18:17:20 GMT-0400 (Eastern Daylight Time)

warning: LF will be replaced by CRLF in assets/bootstrap/js/bootstrap.min.js.
The file will have its original line endings in your working directory


----------

Thu May 11 2023 18:17:20 GMT-0400 (Eastern Daylight Time)

warning: LF will be replaced by CRLF in assets/css/Navbar-Right-Links-Dark-icons.css.
The file will have its original line endings in your working directory


----------

Thu May 11 2023 18:17:20 GMT-0400 (Eastern Daylight Time)

warning: LF will be replaced by CRLF in index.html.
The file will have its original line endings in your working directory


----------

Thu May 11 2023 18:17:20 GMT-0400 (Eastern Daylight Time)

warning: LF will be replaced by CRLF in assets/js/smart-forms.min.js.
The file will have its original line endings in your working directory


----------

Thu May 11 2023 18:17:20 GMT-0400 (Eastern Daylight Time)

warning: LF will be replaced by CRLF in untitled.html.
The file will have its original line endings in your working directory


----------

Thu May 11 2023 18:17:21 GMT-0400 (Eastern Daylight Time)

remote: Resolving deltas:   0% (0/3)        remote: Resolving deltas:  33% (1/3)        

----------

Thu May 11 2023 18:17:21 GMT-0400 (Eastern Daylight Time)

remote: Resolving deltas:  66% (2/3)        

----------

Thu May 11 2023 18:17:21 GMT-0400 (Eastern Daylight Time)

remote: Resolving deltas: 100% (3/3)        remote: Resolving deltas: 100% (3/3), completed with 2 local objects.        


----------

Thu May 11 2023 18:17:21 GMT-0400 (Eastern Daylight Time)

To https://github.com/JohnTotonchi/JohnTotonchi.github.io.git
   5a97145..4e53646  main -> main


